<?xml version="1.0" encoding="UTF-8"?>
<testng-results skipped="0" failed="0" ignored="0" total="1" passed="1">
  <reporter-output>
  </reporter-output>
  <suite name="Default suite" duration-ms="3972" started-at="2021-12-15T15:59:54 IST" finished-at="2021-12-15T15:59:58 IST">
    <groups>
    </groups>
    <test name="Default test" duration-ms="3972" started-at="2021-12-15T15:59:54 IST" finished-at="2021-12-15T15:59:58 IST">
      <class name="com.synechron.api.apitraining.logs.ResponseWithLogs">
        <test-method status="PASS" signature="LogAll()[pri:0, instance:com.synechron.api.apitraining.logs.ResponseWithLogs@2c039ac6]" name="LogAll" duration-ms="3928" started-at="2021-12-15T15:59:54 IST" finished-at="2021-12-15T15:59:58 IST">
          <reporter-output>
          </reporter-output>
        </test-method> <!-- LogAll -->
      </class> <!-- com.synechron.api.apitraining.logs.ResponseWithLogs -->
    </test> <!-- Default test -->
  </suite> <!-- Default suite -->
</testng-results>
