<?xml version="1.0" encoding="UTF-8"?>
<testng-results skipped="0" failed="0" ignored="0" total="1" passed="1">
  <reporter-output>
  </reporter-output>
  <suite name="Default suite" duration-ms="3326" started-at="2021-12-16T15:53:20 IST" finished-at="2021-12-16T15:53:23 IST">
    <groups>
    </groups>
    <test name="Default test" duration-ms="3326" started-at="2021-12-16T15:53:20 IST" finished-at="2021-12-16T15:53:23 IST">
      <class name="com.synechron.api.apitraining.download.FileDownloadDemo">
        <test-method status="PASS" signature="validateFileDownload()[pri:0, instance:com.synechron.api.apitraining.download.FileDownloadDemo@5bb21b69]" name="validateFileDownload" duration-ms="3272" started-at="2021-12-16T15:53:20 IST" finished-at="2021-12-16T15:53:23 IST">
          <reporter-output>
          </reporter-output>
        </test-method> <!-- validateFileDownload -->
      </class> <!-- com.synechron.api.apitraining.download.FileDownloadDemo -->
    </test> <!-- Default test -->
  </suite> <!-- Default suite -->
</testng-results>
